{
  "stats": {
    "suites": 2,
    "tests": 4,
    "passes": 4,
    "pending": 0,
    "failures": 0,
    "start": "2023-07-13T19:48:55.045Z",
    "end": "2023-07-13T19:48:55.161Z",
    "duration": 116,
    "testsRegistered": 4,
    "passPercent": 100,
    "pendingPercent": 0,
    "other": 0,
    "hasOther": false,
    "skipped": 0,
    "hasSkipped": false
  },
  "results": [
    {
      "uuid": "577e67d4-fff0-4ab1-9eeb-bf846656cd5f",
      "title": "",
      "fullFile": "cypress\\e2e\\demoTest\\testJsonOb.cy.js",
      "file": "cypress\\e2e\\demoTest\\testJsonOb.cy.js",
      "beforeHooks": [],
      "afterHooks": [],
      "tests": [],
      "suites": [
        {
          "uuid": "20649c45-195a-4b0c-987f-37a7c3939a0e",
          "title": "test JsonFile (regression)",
          "fullFile": "",
          "file": "",
          "beforeHooks": [],
          "afterHooks": [],
          "tests": [
            {
              "title": "Using fixtures to represent data",
              "fullTitle": "test JsonFile (regression) Using fixtures to represent data",
              "timedOut": null,
              "duration": 40,
              "state": "passed",
              "speed": "fast",
              "pass": true,
              "fail": false,
              "pending": false,
              "context": "{\n  \"title\": \"cypress-mochawesome-reporter-videos-passed\",\n  \"value\": \"cypress\\\\e2e\\\\demoTest\\\\testJsonOb.cy.js\"\n}",
              "code": "cy.log(data.user);\ncy.log(data.password);\ncy.log(data.expected);",
              "err": {},
              "uuid": "76212ee7-e980-467d-9c6a-2ca1531c6af1",
              "parentUUID": "20649c45-195a-4b0c-987f-37a7c3939a0e",
              "isHook": false,
              "skipped": false
            },
            {
              "title": "Test with JsonFile to use data better",
              "fullTitle": "test JsonFile (regression) Test with JsonFile to use data better",
              "timedOut": null,
              "duration": 17,
              "state": "passed",
              "speed": "fast",
              "pass": true,
              "fail": false,
              "pending": false,
              "context": "{\n  \"title\": \"cypress-mochawesome-reporter-videos-passed\",\n  \"value\": \"cypress\\\\e2e\\\\demoTest\\\\testJsonOb.cy.js\"\n}",
              "code": "cy.log(data.user);\ncy.log(data.password);\ncy.log(data.expected);",
              "err": {},
              "uuid": "45160f7a-800a-4513-a367-3e64e694bf1b",
              "parentUUID": "20649c45-195a-4b0c-987f-37a7c3939a0e",
              "isHook": false,
              "skipped": false
            }
          ],
          "suites": [],
          "passes": [
            "76212ee7-e980-467d-9c6a-2ca1531c6af1",
            "45160f7a-800a-4513-a367-3e64e694bf1b"
          ],
          "failures": [],
          "pending": [],
          "skipped": [],
          "duration": 57,
          "root": false,
          "rootEmpty": false,
          "_timeout": 2000
        },
        {
          "uuid": "4fd5c6af-7d89-430e-9550-4229b571e30f",
          "title": "test JsonFile (regression11)",
          "fullFile": "",
          "file": "",
          "beforeHooks": [],
          "afterHooks": [],
          "tests": [
            {
              "title": "Using fixtures to represent data",
              "fullTitle": "test JsonFile (regression11) Using fixtures to represent data",
              "timedOut": null,
              "duration": 18,
              "state": "passed",
              "speed": "fast",
              "pass": true,
              "fail": false,
              "pending": false,
              "context": "{\n  \"title\": \"cypress-mochawesome-reporter-videos-passed\",\n  \"value\": \"cypress\\\\e2e\\\\demoTest\\\\testJsonOb.cy.js\"\n}",
              "code": "cy.log(data.user);",
              "err": {},
              "uuid": "07f6bce0-8685-4d2a-8e3b-f4cc0f112d9d",
              "parentUUID": "4fd5c6af-7d89-430e-9550-4229b571e30f",
              "isHook": false,
              "skipped": false
            },
            {
              "title": "Test with JsonFile to use data better",
              "fullTitle": "test JsonFile (regression11) Test with JsonFile to use data better",
              "timedOut": null,
              "duration": 26,
              "state": "passed",
              "speed": "fast",
              "pass": true,
              "fail": false,
              "pending": false,
              "context": "{\n  \"title\": \"cypress-mochawesome-reporter-videos-passed\",\n  \"value\": \"cypress\\\\e2e\\\\demoTest\\\\testJsonOb.cy.js\"\n}",
              "code": "cy.log(data.user);",
              "err": {},
              "uuid": "e374c1ac-9432-4014-ae5a-bbc8fa617f67",
              "parentUUID": "4fd5c6af-7d89-430e-9550-4229b571e30f",
              "isHook": false,
              "skipped": false
            }
          ],
          "suites": [],
          "passes": [
            "07f6bce0-8685-4d2a-8e3b-f4cc0f112d9d",
            "e374c1ac-9432-4014-ae5a-bbc8fa617f67"
          ],
          "failures": [],
          "pending": [],
          "skipped": [],
          "duration": 44,
          "root": false,
          "rootEmpty": false,
          "_timeout": 2000
        }
      ],
      "passes": [],
      "failures": [],
      "pending": [],
      "skipped": [],
      "duration": 0,
      "root": true,
      "rootEmpty": true,
      "_timeout": 2000
    }
  ],
  "meta": {
    "mocha": {
      "version": "7.0.1"
    },
    "mochawesome": {
      "options": {
        "quiet": false,
        "reportFilename": "mochawesome",
        "saveHtml": false,
        "saveJson": true,
        "consoleReporter": "spec",
        "useInlineDiffs": false,
        "code": true
      },
      "version": "7.1.3"
    },
    "marge": {
      "options": {
        "charts": true,
        "overwrite": false,
        "html": false,
        "json": true,
        "reportDir": "cypress/reports",
        "reportPageTitle": "custom-title",
        "embeddedScreenshots": true
      },
      "version": "6.2.0"
    }
  }
}