{
  "stats": {
    "suites": 1,
    "tests": 2,
    "passes": 2,
    "pending": 0,
    "failures": 0,
    "start": "2023-07-13T19:35:53.621Z",
    "end": "2023-07-13T19:35:53.684Z",
    "duration": 63,
    "testsRegistered": 2,
    "passPercent": 100,
    "pendingPercent": 0,
    "other": 0,
    "hasOther": false,
    "skipped": 0,
    "hasSkipped": false
  },
  "results": [
    {
      "uuid": "1be365de-ca54-4d58-9188-8e86845a6a1d",
      "title": "",
      "fullFile": "cypress\\e2e\\demoTest\\testJsonOb.cy.js",
      "file": "cypress\\e2e\\demoTest\\testJsonOb.cy.js",
      "beforeHooks": [],
      "afterHooks": [],
      "tests": [],
      "suites": [
        {
          "uuid": "2717f6dd-1909-47b7-95e8-6651668c9f2b",
          "title": "test JsonFile (regression)",
          "fullFile": "",
          "file": "",
          "beforeHooks": [],
          "afterHooks": [],
          "tests": [
            {
              "title": "Using fixtures to represent data",
              "fullTitle": "test JsonFile (regression) Using fixtures to represent data",
              "timedOut": null,
              "duration": 35,
              "state": "passed",
              "speed": "fast",
              "pass": true,
              "fail": false,
              "pending": false,
              "context": "{\n  \"title\": \"cypress-mochawesome-reporter-videos-passed\",\n  \"value\": \"cypress\\\\e2e\\\\demoTest\\\\testJsonOb.cy.js\"\n}",
              "code": "cy.log(data.user);\ncy.log(data.password);\ncy.log(data.expected);",
              "err": {},
              "uuid": "e9f153fc-b0f6-48e0-9a65-2aae81f91c7c",
              "parentUUID": "2717f6dd-1909-47b7-95e8-6651668c9f2b",
              "isHook": false,
              "skipped": false
            },
            {
              "title": "Test with JsonFile to use data better",
              "fullTitle": "test JsonFile (regression) Test with JsonFile to use data better",
              "timedOut": null,
              "duration": 17,
              "state": "passed",
              "speed": "fast",
              "pass": true,
              "fail": false,
              "pending": false,
              "context": "{\n  \"title\": \"cypress-mochawesome-reporter-videos-passed\",\n  \"value\": \"cypress\\\\e2e\\\\demoTest\\\\testJsonOb.cy.js\"\n}",
              "code": "cy.log(data.user);\ncy.log(data.password);\ncy.log(data.expected);",
              "err": {},
              "uuid": "5364e065-4875-407f-b66d-20438e07e7bd",
              "parentUUID": "2717f6dd-1909-47b7-95e8-6651668c9f2b",
              "isHook": false,
              "skipped": false
            }
          ],
          "suites": [],
          "passes": [
            "e9f153fc-b0f6-48e0-9a65-2aae81f91c7c",
            "5364e065-4875-407f-b66d-20438e07e7bd"
          ],
          "failures": [],
          "pending": [],
          "skipped": [],
          "duration": 52,
          "root": false,
          "rootEmpty": false,
          "_timeout": 2000
        }
      ],
      "passes": [],
      "failures": [],
      "pending": [],
      "skipped": [],
      "duration": 0,
      "root": true,
      "rootEmpty": true,
      "_timeout": 2000
    }
  ],
  "meta": {
    "mocha": {
      "version": "7.0.1"
    },
    "mochawesome": {
      "options": {
        "quiet": false,
        "reportFilename": "mochawesome",
        "saveHtml": false,
        "saveJson": true,
        "consoleReporter": "spec",
        "useInlineDiffs": false,
        "code": true
      },
      "version": "7.1.3"
    },
    "marge": {
      "options": {
        "charts": true,
        "overwrite": false,
        "html": false,
        "json": true,
        "reportDir": "cypress/reports",
        "reportPageTitle": "custom-title",
        "embeddedScreenshots": true
      },
      "version": "6.2.0"
    }
  }
}