{
  "stats": {
    "suites": 0,
    "tests": 1,
    "passes": 1,
    "pending": 0,
    "failures": 0,
    "start": "2023-07-13T20:50:36.197Z",
    "end": "2023-07-13T20:50:39.079Z",
    "duration": 2882,
    "testsRegistered": 1,
    "passPercent": 100,
    "pendingPercent": 0,
    "other": 0,
    "hasOther": false,
    "skipped": 0,
    "hasSkipped": false
  },
  "results": [
    {
      "uuid": "c818e5b4-5166-4611-b8af-98dcfdc75ac6",
      "title": "",
      "fullFile": "cypress\\e2e\\test\\login.cy.ts",
      "file": "cypress\\e2e\\test\\login.cy.ts",
      "beforeHooks": [],
      "afterHooks": [],
      "tests": [
        {
          "title": "login test",
          "fullTitle": "login test",
          "timedOut": null,
          "duration": 1068,
          "state": "passed",
          "speed": "fast",
          "pass": true,
          "fail": false,
          "pending": false,
          "context": "{\n  \"title\": \"cypress-mochawesome-reporter-videos-passed\",\n  \"value\": \"cypress\\\\e2e\\\\test\\\\login.cy.ts\"\n}",
          "code": "loginPage.navigate(\"https://trytestingthis.netlify.app/\");\nloginPage.enterUserName(\"test\");\nloginPage.enterPassword(\"test\");\nloginPage.clickLogin();",
          "err": {},
          "uuid": "972fbad8-dd52-41fc-8b84-002abdf98625",
          "parentUUID": "c818e5b4-5166-4611-b8af-98dcfdc75ac6",
          "isHook": false,
          "skipped": false
        }
      ],
      "suites": [],
      "passes": [
        "972fbad8-dd52-41fc-8b84-002abdf98625"
      ],
      "failures": [],
      "pending": [],
      "skipped": [],
      "duration": 1068,
      "root": true,
      "rootEmpty": false,
      "_timeout": 2000
    }
  ],
  "meta": {
    "mocha": {
      "version": "7.0.1"
    },
    "mochawesome": {
      "options": {
        "quiet": false,
        "reportFilename": "mochawesome",
        "saveHtml": false,
        "saveJson": true,
        "consoleReporter": "spec",
        "useInlineDiffs": false,
        "code": true
      },
      "version": "7.1.3"
    },
    "marge": {
      "options": {
        "charts": true,
        "overwrite": false,
        "html": false,
        "json": true,
        "reportDir": "cypress/reports",
        "reportPageTitle": "custom-title",
        "embeddedScreenshots": true
      },
      "version": "6.2.0"
    }
  }
}