{
  "stats": {
    "suites": 2,
    "tests": 3,
    "passes": 2,
    "pending": 2,
    "failures": -1,
    "start": "2023-07-13T19:49:55.884Z",
    "end": "2023-07-13T19:49:55.959Z",
    "duration": 75,
    "testsRegistered": 4,
    "passPercent": 100,
    "pendingPercent": 50,
    "other": 1,
    "hasOther": true,
    "skipped": 0,
    "hasSkipped": false
  },
  "results": [
    {
      "uuid": "e745c171-db06-4042-af2a-768e54e4c4d0",
      "title": "",
      "fullFile": "cypress\\e2e\\demoTest\\testJsonOb.cy.js",
      "file": "cypress\\e2e\\demoTest\\testJsonOb.cy.js",
      "beforeHooks": [],
      "afterHooks": [],
      "tests": [],
      "suites": [
        {
          "uuid": "a1c82e9a-164f-48fc-8f72-2c615f446d9e",
          "title": "test JsonFile (regression)",
          "fullFile": "",
          "file": "",
          "beforeHooks": [],
          "afterHooks": [],
          "tests": [
            {
              "title": "Using fixtures to represent data",
              "fullTitle": "test JsonFile (regression) Using fixtures to represent data",
              "timedOut": null,
              "duration": 0,
              "state": "pending",
              "speed": null,
              "pass": false,
              "fail": false,
              "pending": true,
              "context": "{\n  \"title\": \"cypress-mochawesome-reporter-videos-pending\",\n  \"value\": \"cypress\\\\e2e\\\\demoTest\\\\testJsonOb.cy.js\"\n}",
              "code": "cy.log(data.user);\ncy.log(data.password);\ncy.log(data.expected);",
              "err": {},
              "uuid": "e88d5cb9-3644-4e7a-a1d9-6370aa1905e6",
              "parentUUID": "a1c82e9a-164f-48fc-8f72-2c615f446d9e",
              "isHook": false,
              "skipped": false
            },
            {
              "title": "Test with JsonFile to use data better",
              "fullTitle": "test JsonFile (regression) Test with JsonFile to use data better",
              "timedOut": null,
              "duration": 0,
              "state": "pending",
              "speed": null,
              "pass": false,
              "fail": false,
              "pending": true,
              "context": "{\n  \"title\": \"cypress-mochawesome-reporter-videos-pending\",\n  \"value\": \"cypress\\\\e2e\\\\demoTest\\\\testJsonOb.cy.js\"\n}",
              "code": "cy.log(data.user);\ncy.log(data.password);\ncy.log(data.expected);",
              "err": {},
              "uuid": "80ab9599-218a-4fe2-ba1a-82222bc3dee9",
              "parentUUID": "a1c82e9a-164f-48fc-8f72-2c615f446d9e",
              "isHook": false,
              "skipped": false
            }
          ],
          "suites": [],
          "passes": [],
          "failures": [],
          "pending": [
            "e88d5cb9-3644-4e7a-a1d9-6370aa1905e6",
            "80ab9599-218a-4fe2-ba1a-82222bc3dee9"
          ],
          "skipped": [],
          "duration": 0,
          "root": false,
          "rootEmpty": false,
          "_timeout": 2000
        },
        {
          "uuid": "0356cb2b-c78c-4ec4-b8a0-3b61374de6d0",
          "title": "test JsonFile (regression11)",
          "fullFile": "",
          "file": "",
          "beforeHooks": [],
          "afterHooks": [],
          "tests": [
            {
              "title": "Using fixtures to represent data",
              "fullTitle": "test JsonFile (regression11) Using fixtures to represent data",
              "timedOut": null,
              "duration": 39,
              "state": "passed",
              "speed": "fast",
              "pass": true,
              "fail": false,
              "pending": false,
              "context": "{\n  \"title\": \"cypress-mochawesome-reporter-videos-passed\",\n  \"value\": \"cypress\\\\e2e\\\\demoTest\\\\testJsonOb.cy.js\"\n}",
              "code": "cy.log(data.user);",
              "err": {},
              "uuid": "b7ed1743-f5a5-40ce-b187-aa58ee4b0409",
              "parentUUID": "0356cb2b-c78c-4ec4-b8a0-3b61374de6d0",
              "isHook": false,
              "skipped": false
            },
            {
              "title": "Test with JsonFile to use data better",
              "fullTitle": "test JsonFile (regression11) Test with JsonFile to use data better",
              "timedOut": null,
              "duration": 17,
              "state": "passed",
              "speed": "fast",
              "pass": true,
              "fail": false,
              "pending": false,
              "context": "{\n  \"title\": \"cypress-mochawesome-reporter-videos-passed\",\n  \"value\": \"cypress\\\\e2e\\\\demoTest\\\\testJsonOb.cy.js\"\n}",
              "code": "cy.log(data.user);",
              "err": {},
              "uuid": "f60932c3-1ed2-4211-b114-49f981dea6ba",
              "parentUUID": "0356cb2b-c78c-4ec4-b8a0-3b61374de6d0",
              "isHook": false,
              "skipped": false
            }
          ],
          "suites": [],
          "passes": [
            "b7ed1743-f5a5-40ce-b187-aa58ee4b0409",
            "f60932c3-1ed2-4211-b114-49f981dea6ba"
          ],
          "failures": [],
          "pending": [],
          "skipped": [],
          "duration": 56,
          "root": false,
          "rootEmpty": false,
          "_timeout": 2000
        }
      ],
      "passes": [],
      "failures": [],
      "pending": [],
      "skipped": [],
      "duration": 0,
      "root": true,
      "rootEmpty": true,
      "_timeout": 2000
    }
  ],
  "meta": {
    "mocha": {
      "version": "7.0.1"
    },
    "mochawesome": {
      "options": {
        "quiet": false,
        "reportFilename": "mochawesome",
        "saveHtml": false,
        "saveJson": true,
        "consoleReporter": "spec",
        "useInlineDiffs": false,
        "code": true
      },
      "version": "7.1.3"
    },
    "marge": {
      "options": {
        "charts": true,
        "overwrite": false,
        "html": false,
        "json": true,
        "reportDir": "cypress/reports",
        "reportPageTitle": "custom-title",
        "embeddedScreenshots": true
      },
      "version": "6.2.0"
    }
  }
}