{
  "stats": {
    "suites": 2,
    "tests": 4,
    "passes": 4,
    "pending": 0,
    "failures": 0,
    "start": "2023-07-13T19:37:15.869Z",
    "end": "2023-07-13T19:37:15.980Z",
    "duration": 111,
    "testsRegistered": 4,
    "passPercent": 100,
    "pendingPercent": 0,
    "other": 0,
    "hasOther": false,
    "skipped": 0,
    "hasSkipped": false
  },
  "results": [
    {
      "uuid": "ca068afa-f3cb-4c86-a559-2ca9fdc8aadc",
      "title": "",
      "fullFile": "cypress\\e2e\\demoTest\\testJsonOb.cy.js",
      "file": "cypress\\e2e\\demoTest\\testJsonOb.cy.js",
      "beforeHooks": [],
      "afterHooks": [],
      "tests": [],
      "suites": [
        {
          "uuid": "d9a95d2e-0090-4f1c-af46-8d9b9562c1d3",
          "title": "test JsonFile (regression)",
          "fullFile": "",
          "file": "",
          "beforeHooks": [],
          "afterHooks": [],
          "tests": [
            {
              "title": "Using fixtures to represent data",
              "fullTitle": "test JsonFile (regression) Using fixtures to represent data",
              "timedOut": null,
              "duration": 47,
              "state": "passed",
              "speed": "fast",
              "pass": true,
              "fail": false,
              "pending": false,
              "context": "{\n  \"title\": \"cypress-mochawesome-reporter-videos-passed\",\n  \"value\": \"cypress\\\\e2e\\\\demoTest\\\\testJsonOb.cy.js\"\n}",
              "code": "cy.log(data.user);\ncy.log(data.password);\ncy.log(data.expected);",
              "err": {},
              "uuid": "2823b02f-e626-4880-b489-cab22693131a",
              "parentUUID": "d9a95d2e-0090-4f1c-af46-8d9b9562c1d3",
              "isHook": false,
              "skipped": false
            },
            {
              "title": "Test with JsonFile to use data better",
              "fullTitle": "test JsonFile (regression) Test with JsonFile to use data better",
              "timedOut": null,
              "duration": 17,
              "state": "passed",
              "speed": "fast",
              "pass": true,
              "fail": false,
              "pending": false,
              "context": "{\n  \"title\": \"cypress-mochawesome-reporter-videos-passed\",\n  \"value\": \"cypress\\\\e2e\\\\demoTest\\\\testJsonOb.cy.js\"\n}",
              "code": "cy.log(data.user);\ncy.log(data.password);\ncy.log(data.expected);",
              "err": {},
              "uuid": "b587fa13-a8c6-4b4b-b6da-c0e4d659a424",
              "parentUUID": "d9a95d2e-0090-4f1c-af46-8d9b9562c1d3",
              "isHook": false,
              "skipped": false
            }
          ],
          "suites": [],
          "passes": [
            "2823b02f-e626-4880-b489-cab22693131a",
            "b587fa13-a8c6-4b4b-b6da-c0e4d659a424"
          ],
          "failures": [],
          "pending": [],
          "skipped": [],
          "duration": 64,
          "root": false,
          "rootEmpty": false,
          "_timeout": 2000
        },
        {
          "uuid": "b6c7d232-a810-42bd-bc41-f1241ac9b950",
          "title": "test JsonFile (regression11)",
          "fullFile": "",
          "file": "",
          "beforeHooks": [],
          "afterHooks": [],
          "tests": [
            {
              "title": "Using fixtures to represent data",
              "fullTitle": "test JsonFile (regression11) Using fixtures to represent data",
              "timedOut": null,
              "duration": 17,
              "state": "passed",
              "speed": "fast",
              "pass": true,
              "fail": false,
              "pending": false,
              "context": "{\n  \"title\": \"cypress-mochawesome-reporter-videos-passed\",\n  \"value\": \"cypress\\\\e2e\\\\demoTest\\\\testJsonOb.cy.js\"\n}",
              "code": "cy.log(data.user);",
              "err": {},
              "uuid": "8ecf1a21-18fe-45a4-bb91-696acfcd3898",
              "parentUUID": "b6c7d232-a810-42bd-bc41-f1241ac9b950",
              "isHook": false,
              "skipped": false
            },
            {
              "title": "Test with JsonFile to use data better",
              "fullTitle": "test JsonFile (regression11) Test with JsonFile to use data better",
              "timedOut": null,
              "duration": 14,
              "state": "passed",
              "speed": "fast",
              "pass": true,
              "fail": false,
              "pending": false,
              "context": "{\n  \"title\": \"cypress-mochawesome-reporter-videos-passed\",\n  \"value\": \"cypress\\\\e2e\\\\demoTest\\\\testJsonOb.cy.js\"\n}",
              "code": "cy.log(data.user);",
              "err": {},
              "uuid": "dbbd72dd-b584-4e7a-affa-bbe3a16bd855",
              "parentUUID": "b6c7d232-a810-42bd-bc41-f1241ac9b950",
              "isHook": false,
              "skipped": false
            }
          ],
          "suites": [],
          "passes": [
            "8ecf1a21-18fe-45a4-bb91-696acfcd3898",
            "dbbd72dd-b584-4e7a-affa-bbe3a16bd855"
          ],
          "failures": [],
          "pending": [],
          "skipped": [],
          "duration": 31,
          "root": false,
          "rootEmpty": false,
          "_timeout": 2000
        }
      ],
      "passes": [],
      "failures": [],
      "pending": [],
      "skipped": [],
      "duration": 0,
      "root": true,
      "rootEmpty": true,
      "_timeout": 2000
    }
  ],
  "meta": {
    "mocha": {
      "version": "7.0.1"
    },
    "mochawesome": {
      "options": {
        "quiet": false,
        "reportFilename": "mochawesome",
        "saveHtml": false,
        "saveJson": true,
        "consoleReporter": "spec",
        "useInlineDiffs": false,
        "code": true
      },
      "version": "7.1.3"
    },
    "marge": {
      "options": {
        "charts": true,
        "overwrite": false,
        "html": false,
        "json": true,
        "reportDir": "cypress/reports",
        "reportPageTitle": "custom-title",
        "embeddedScreenshots": true
      },
      "version": "6.2.0"
    }
  }
}