{
  "stats": {
    "suites": 2,
    "tests": 4,
    "passes": 4,
    "pending": 0,
    "failures": 0,
    "start": "2023-07-13T19:45:28.535Z",
    "end": "2023-07-13T19:45:28.651Z",
    "duration": 116,
    "testsRegistered": 4,
    "passPercent": 100,
    "pendingPercent": 0,
    "other": 0,
    "hasOther": false,
    "skipped": 0,
    "hasSkipped": false
  },
  "results": [
    {
      "uuid": "9208a44f-41f4-4e70-86d4-030d7b5405cc",
      "title": "",
      "fullFile": "cypress\\e2e\\demoTest\\testJsonOb.cy.js",
      "file": "cypress\\e2e\\demoTest\\testJsonOb.cy.js",
      "beforeHooks": [],
      "afterHooks": [],
      "tests": [],
      "suites": [
        {
          "uuid": "893cb376-664a-46a5-b0d5-2f264c09f3f7",
          "title": "test JsonFile (regression)",
          "fullFile": "",
          "file": "",
          "beforeHooks": [],
          "afterHooks": [],
          "tests": [
            {
              "title": "Using fixtures to represent data",
              "fullTitle": "test JsonFile (regression) Using fixtures to represent data",
              "timedOut": null,
              "duration": 44,
              "state": "passed",
              "speed": "fast",
              "pass": true,
              "fail": false,
              "pending": false,
              "context": "{\n  \"title\": \"cypress-mochawesome-reporter-videos-passed\",\n  \"value\": \"cypress\\\\e2e\\\\demoTest\\\\testJsonOb.cy.js\"\n}",
              "code": "cy.log(data.user);\ncy.log(data.password);\ncy.log(data.expected);",
              "err": {},
              "uuid": "282a3891-722b-42f3-86aa-bb7f16b59eba",
              "parentUUID": "893cb376-664a-46a5-b0d5-2f264c09f3f7",
              "isHook": false,
              "skipped": false
            },
            {
              "title": "Test with JsonFile to use data better",
              "fullTitle": "test JsonFile (regression) Test with JsonFile to use data better",
              "timedOut": null,
              "duration": 18,
              "state": "passed",
              "speed": "fast",
              "pass": true,
              "fail": false,
              "pending": false,
              "context": "{\n  \"title\": \"cypress-mochawesome-reporter-videos-passed\",\n  \"value\": \"cypress\\\\e2e\\\\demoTest\\\\testJsonOb.cy.js\"\n}",
              "code": "cy.log(data.user);\ncy.log(data.password);\ncy.log(data.expected);",
              "err": {},
              "uuid": "a8c5f95f-b574-401d-9c2a-64421bcde156",
              "parentUUID": "893cb376-664a-46a5-b0d5-2f264c09f3f7",
              "isHook": false,
              "skipped": false
            }
          ],
          "suites": [],
          "passes": [
            "282a3891-722b-42f3-86aa-bb7f16b59eba",
            "a8c5f95f-b574-401d-9c2a-64421bcde156"
          ],
          "failures": [],
          "pending": [],
          "skipped": [],
          "duration": 62,
          "root": false,
          "rootEmpty": false,
          "_timeout": 2000
        },
        {
          "uuid": "ce637f09-3930-4ac5-8f72-84fdced9b4be",
          "title": "test JsonFile (regression11)",
          "fullFile": "",
          "file": "",
          "beforeHooks": [],
          "afterHooks": [],
          "tests": [
            {
              "title": "Using fixtures to represent data",
              "fullTitle": "test JsonFile (regression11) Using fixtures to represent data",
              "timedOut": null,
              "duration": 17,
              "state": "passed",
              "speed": "fast",
              "pass": true,
              "fail": false,
              "pending": false,
              "context": "{\n  \"title\": \"cypress-mochawesome-reporter-videos-passed\",\n  \"value\": \"cypress\\\\e2e\\\\demoTest\\\\testJsonOb.cy.js\"\n}",
              "code": "cy.log(data.user);",
              "err": {},
              "uuid": "7322cbdb-806e-4054-8465-0e9e8ffcaf9a",
              "parentUUID": "ce637f09-3930-4ac5-8f72-84fdced9b4be",
              "isHook": false,
              "skipped": false
            },
            {
              "title": "Test with JsonFile to use data better",
              "fullTitle": "test JsonFile (regression11) Test with JsonFile to use data better",
              "timedOut": null,
              "duration": 16,
              "state": "passed",
              "speed": "fast",
              "pass": true,
              "fail": false,
              "pending": false,
              "context": "{\n  \"title\": \"cypress-mochawesome-reporter-videos-passed\",\n  \"value\": \"cypress\\\\e2e\\\\demoTest\\\\testJsonOb.cy.js\"\n}",
              "code": "cy.log(data.user);",
              "err": {},
              "uuid": "7d482027-315c-43ca-bdf5-66960af9a54a",
              "parentUUID": "ce637f09-3930-4ac5-8f72-84fdced9b4be",
              "isHook": false,
              "skipped": false
            }
          ],
          "suites": [],
          "passes": [
            "7322cbdb-806e-4054-8465-0e9e8ffcaf9a",
            "7d482027-315c-43ca-bdf5-66960af9a54a"
          ],
          "failures": [],
          "pending": [],
          "skipped": [],
          "duration": 33,
          "root": false,
          "rootEmpty": false,
          "_timeout": 2000
        }
      ],
      "passes": [],
      "failures": [],
      "pending": [],
      "skipped": [],
      "duration": 0,
      "root": true,
      "rootEmpty": true,
      "_timeout": 2000
    }
  ],
  "meta": {
    "mocha": {
      "version": "7.0.1"
    },
    "mochawesome": {
      "options": {
        "quiet": false,
        "reportFilename": "mochawesome",
        "saveHtml": false,
        "saveJson": true,
        "consoleReporter": "spec",
        "useInlineDiffs": false,
        "code": true
      },
      "version": "7.1.3"
    },
    "marge": {
      "options": {
        "charts": true,
        "overwrite": false,
        "html": false,
        "json": true,
        "reportDir": "cypress/reports",
        "reportPageTitle": "custom-title",
        "embeddedScreenshots": true
      },
      "version": "6.2.0"
    }
  }
}